<?xml version="1.0" encoding="UTF-8" ?>
<testsuite errors="0" failures="0" hostname="SE-GALBANTO-LT1" name="portal.KMTC" tests="25" time="126.039" timestamp="2013-02-15T22:55:56">
  <properties>
[...]
</properties>
  <testcase classname="portal.KMTC" name="PORTAL_KMTC_001" time="25.56" />
  <testcase classname="portal.KMTC" name="PORTAL_KMTC_002" time="0.326" />
  <testcase classname="portal.KMTC" name="PORTAL_KMTC_003" time="0.479" />
  <testcase classname="portal.KMTC" name="PORTAL_KMTC_004" time="0.129" />
  <testcase classname="portal.KMTC" name="PORTAL_KMTC_005" time="24.658" />
  <testcase classname="portal.KMTC" name="PORTAL_KMTC_006" time="0.425" />
  <testcase classname="portal.KMTC" name="PORTAL_KMTC_007" time="15.245" />
  <testcase classname="portal.KMTC" name="PORTAL_KMTC_008" time="1.953" />
  <testcase classname="portal.KMTC" name="PORTAL_KMTC_009" time="4.014" />
  <testcase classname="portal.KMTC" name="PORTAL_KMTC_010" time="0.618" />
  <testcase classname="portal.KMTC" name="PORTAL_KMTC_0011" time="1.893" />
  <testcase classname="portal.KMTC" name="PORTAL_KMTC_0012" time="0.599" />
  <testcase classname="portal.KMTC" name="PORTAL_KMTC_0013" time="0.227" />
  <testcase classname="portal.KMTC" name="PORTAL_KMTC_0014" time="0.14" />
  <testcase classname="portal.KMTC" name="PORTAL_KMTC_0015" time="0.29" />
  <testcase classname="portal.KMTC" name="PORTAL_KMTC_0016" time="0.071" />
  <testcase classname="portal.KMTC" name="PORTAL_KMTC_0017" time="0.069" />
  <testcase classname="portal.KMTC" name="PORTAL_KMTC_0018" time="13.896" />
  <testcase classname="portal.KMTC" name="PORTAL_KMTC_0020" time="0.342" />
  <testcase classname="portal.KMTC" name="PORTAL_KMTC_0021" time="0.279" />
  <testcase classname="portal.KMTC" name="PORTAL_KMTC_0022" time="0.262" />
  <testcase classname="portal.KMTC" name="PORTAL_KMTC_0023" time="20.68" />
  <testcase classname="portal.KMTC" name="PORTAL_KMTC_0024" time="0.148" />
  <testcase classname="portal.KMTC" name="PORTAL_KMTC_0025" time="0.321" />
  <testcase classname="portal.KMTC" name="PORTAL_KMTC_0026" time="10.246" />
  <system-out><![CDATA[]]></system-out>
  <system-err><![CDATA[]]></system-err>
</testsuite>
